2026-02-12 22:57:20,327 | INFO | ETL | Pipeline started | Found 2 files
2026-02-12 22:57:20,327 | INFO | ETL | START processing file: customers.csv
2026-02-12 22:57:20,327 | INFO | ETL | Starting validation for file: customers.csv
2026-02-12 22:57:20,358 | INFO | ETL | Loading validation schema: validation/customers.yaml
2026-02-12 22:57:20,420 | INFO | ETL | Schema validation completed | Valid rows: 100 | Quarantined rows: 0
2026-02-12 22:57:20,467 | INFO | ETL | Validation successful for file: customers.csv
2026-02-12 22:57:20,467 | INFO | ETL | Starting load \u2192 customers.csv \u2192 table: customers
2026-02-12 22:57:20,467 | INFO | ETL | Loading schema for DB load: validation/customers.yaml
2026-02-12 22:57:20,764 | INFO | ETL | Ensuring table exists: customers
2026-02-12 22:57:20,764 | INFO | ETL | SCD2 upsert started for table: customers
2026-02-12 22:57:20,858 | INFO | ETL | SCD2 SUMMARY : customers | INSERT: 0 | UPDATE: 1 | SKIP: 99
2026-02-12 22:57:20,873 | INFO | ETL | Load successful for file: customers.csv
2026-02-12 22:57:20,905 | INFO | ETL | SUCCESS customers.csv
2026-02-12 22:57:20,905 | INFO | ETL | START processing file: products.csv
2026-02-12 22:57:20,905 | INFO | ETL | Starting validation for file: products.csv
2026-02-12 22:57:20,920 | INFO | ETL | Loading validation schema: validation/products.yaml
2026-02-12 22:57:20,967 | INFO | ETL | Schema validation completed | Valid rows: 1080 | Quarantined rows: 0
2026-02-12 22:57:21,030 | INFO | ETL | Validation successful for file: products.csv
2026-02-12 22:57:21,030 | INFO | ETL | Starting load \u2192 products.csv \u2192 table: products
2026-02-12 22:57:21,030 | INFO | ETL | Loading schema for DB load: validation/products.yaml
2026-02-12 22:57:21,264 | INFO | ETL | Ensuring table exists: products
2026-02-12 22:57:21,264 | INFO | ETL | SCD2 upsert started for table: products
2026-02-12 22:57:21,936 | INFO | ETL | SCD2 SUMMARY : products | INSERT: 0 | UPDATE: 1 | SKIP: 1079
2026-02-12 22:57:22,342 | INFO | ETL | Load successful for file: products.csv
2026-02-12 22:57:22,545 | INFO | ETL | SUCCESS products.csv
2026-02-12 22:57:22,545 | INFO | ETL | PIPELINE SUMMARY | Total: 2 | Processed: 2 | Rejected: 0 | Failed: 0
