2026-02-12 22:47:49,037 | INFO | ETL | Pipeline started | Found 3 files
2026-02-12 22:47:49,037 | INFO | ETL | START processing file: customers.csv
2026-02-12 22:47:49,037 | INFO | ETL | Starting validation for file: customers.csv
2026-02-12 22:47:49,068 | INFO | ETL | Loading validation schema: validation/customers.yaml
2026-02-12 22:47:49,099 | INFO | ETL | Schema validation completed | Valid rows: 100 | Quarantined rows: 0
2026-02-12 22:47:49,146 | INFO | ETL | Validation successful for file: customers.csv
2026-02-12 22:47:49,146 | INFO | ETL | Starting load \u2192 customers.csv \u2192 table: customers
2026-02-12 22:47:49,146 | INFO | ETL | Loading schema for DB load: validation/customers.yaml
2026-02-12 22:47:49,778 | WARNING | ETL | File already processed — skipping: customers.csv
2026-02-12 22:47:49,950 | INFO | ETL | SUCCESS customers.csv
2026-02-12 22:47:49,950 | INFO | ETL | START processing file: products.csv
2026-02-12 22:47:49,950 | INFO | ETL | Starting validation for file: products.csv
2026-02-12 22:47:50,200 | INFO | ETL | Loading validation schema: validation/products.yaml
2026-02-12 22:47:50,287 | INFO | ETL | Schema validation completed | Valid rows: 1080 | Quarantined rows: 0
2026-02-12 22:47:50,349 | INFO | ETL | Validation successful for file: products.csv
2026-02-12 22:47:50,349 | INFO | ETL | Starting load \u2192 products.csv \u2192 table: products
2026-02-12 22:47:50,349 | INFO | ETL | Loading schema for DB load: validation/products.yaml
2026-02-12 22:47:50,459 | WARNING | ETL | File already processed — skipping: products.csv
2026-02-12 22:47:50,521 | INFO | ETL | SUCCESS products.csv
2026-02-12 22:47:50,521 | INFO | ETL | START processing file: transactions.csv
2026-02-12 22:47:50,521 | INFO | ETL | Starting validation for file: transactions.csv
2026-02-12 22:47:50,537 | INFO | ETL | Loading validation schema: validation/transactions.yaml
2026-02-12 22:47:50,584 | INFO | ETL | Schema validation completed | Valid rows: 100 | Quarantined rows: 0
2026-02-12 22:47:50,615 | INFO | ETL | Validation successful for file: transactions.csv
2026-02-12 22:47:50,803 | INFO | ETL | Starting load \u2192 transactions.csv \u2192 table: transactions
2026-02-12 22:47:50,803 | INFO | ETL | Loading schema for DB load: validation/transactions.yaml
2026-02-12 22:47:50,943 | WARNING | ETL | File already processed — skipping: transactions.csv
2026-02-12 22:47:50,974 | INFO | ETL | SUCCESS transactions.csv
2026-02-12 22:47:50,974 | INFO | ETL | PIPELINE SUMMARY | Total: 3 | Processed: 3 | Rejected: 0 | Failed: 0
